<html>
<body>
<pre>
<h1>µVision Build Log</h1>
<h2>Tool Versions:</h2>
IDE-Version: µVision V5.20.0.0
Copyright (C) 2016 ARM Ltd and ARM Germany GmbH. All rights reserved.
License Information: University of Agder University of Agder, University of Agder, LIC=----
 
Tool Versions:
Toolchain:       MDK-Lite  Version: 5.20
Toolchain Path:  C:\Keil_v5\ARM\ARMCC\Bin
C Compiler:      Armcc.exe V5.06 update 2 (build 183)
Assembler:       Armasm.exe V5.06 update 2 (build 183)
Linker/Locator:  ArmLink.exe V5.06 update 2 (build 183)
Library Manager: ArmAr.exe V5.06 update 2 (build 183)
Hex Converter:   FromElf.exe V5.06 update 2 (build 183)
CPU DLL:         
Dialog DLL:      
Target DLL:      Segger\JL2CM3.dll V2.99.20.0
Dialog DLL:      TCM.DLL V1.14.9.0
 
<h2>Project:</h2>
\\Mac\Dropbox\UiA\ELE301 Bachelor\bachelorprosjekt\Keil\Master og Slave\examples\ble_central_MASTER\ble_app_hrs_c\pca10040\s132\arm5_no_packs\ble_app_hrs_c_pca10040_s132.uvprojx
Project File Date:  04/24/2017

<h2>Output:</h2>
*** Using Compiler 'V5.06 update 2 (build 183)', folder: 'C:\Keil_v5\ARM\ARMCC\Bin'
Rebuild target 'nrf52832_xxaa'
compiling main.c...
..\arm5_no_packs\ble_detect_c.h(1): error:  #37: the #endif for this directive is missing
  #ifndef BLE_DETECT_C_H__
..\..\..\main.c(94): error:  #20: identifier "ble_hrs_c_t" is undefined
  static ble_hrs_c_t           m_ble_hrs_c;                  /**< Structure used to identify the heart rate client module. */
..\..\..\main.c(187): warning:  #223-D: function "ble_hrs_on_db_disc_evt" declared implicitly
      ble_hrs_on_db_disc_evt(&m_ble_hrs_c, p_evt);
..\..\..\main.c(673): warning:  #223-D: function "ble_hrs_c_on_ble_evt" declared implicitly
      ble_hrs_c_on_ble_evt(&m_ble_hrs_c, p_ble_evt);
..\..\..\main.c(828): error:  #20: identifier "ble_hrs_c_t" is undefined
  static void hrs_c_evt_handler(ble_hrs_c_t * p_hrs_c, ble_hrs_c_evt_t * p_hrs_c_evt)
..\..\..\main.c(828): error:  #20: identifier "ble_hrs_c_evt_t" is undefined
  static void hrs_c_evt_handler(ble_hrs_c_t * p_hrs_c, ble_hrs_c_evt_t * p_hrs_c_evt)
..\..\..\main.c(834): error:  #20: identifier "BLE_DETECT_C_EVT_DISCOVERY_COMPLETE" is undefined
          case BLE_DETECT_C_EVT_DISCOVERY_COMPLETE:
..\..\..\main.c(835): warning:  #223-D: function "ble_hrs_c_handles_assign" declared implicitly
              err_code = ble_hrs_c_handles_assign(p_hrs_c ,
..\..\..\main.c(848): warning:  #223-D: function "ble_hrs_c_hrm_notif_enable" declared implicitly
              err_code = ble_hrs_c_hrm_notif_enable(p_hrs_c);
..\..\..\main.c(854): error:  #20: identifier "BLE_DETECT_C_EVT_NOTIFICATION" is undefined
          case BLE_DETECT_C_EVT_NOTIFICATION:
..\..\..\main.c(923): error:  #20: identifier "ble_hrs_c_init_t" is undefined
      ble_hrs_c_init_t hrs_c_init_obj;
..\..\..\main.c(927): warning:  #223-D: function "ble_hrs_c_init" declared implicitly
      uint32_t err_code = ble_hrs_c_init(&m_ble_hrs_c, &hrs_c_init_obj);
..\..\..\main.c(165): warning:  #177-D: function "timers_init" was declared but never referenced
  static void timers_init(void)
..\..\..\main.c: 6 warnings, 7 errors
compiling ble_detect_c.c...
ble_detect_c.h(1): error:  #37: the #endif for this directive is missing
  #ifndef BLE_DETECT_C_H__
ble_detect_c.c: 0 warnings, 1 error
compiling boards.c...
compiling bsp.c...
compiling bsp_btn_ble.c...
compiling bsp_nfc.c...
compiling ble_advdata.c...
compiling ble_conn_params.c...
compiling ble_conn_state.c...
compiling ble_db_discovery.c...
compiling ble_srv_common.c...
compiling gatt_cache_manager.c...
compiling gatts_cache_manager.c...
compiling id_manager.c...
compiling nrf_ble_gatt.c...
compiling peer_data.c...
compiling peer_data_storage.c...
compiling peer_database.c...
compiling peer_id.c...
compiling peer_manager.c...
compiling pm_buffer.c...
compiling pm_mutex.c...
compiling security_dispatcher.c...
compiling security_manager.c...
compiling ble_bas_c.c...
compiling ble_hrs_c.c...
..\..\..\..\..\..\components\ble\ble_services\ble_hrs_c\ble_hrs_c.h(97): error:  #20: identifier "ble_hrs_c_evt_type_t" is undefined
      ble_hrs_c_evt_type_t evt_type;    /**< Type of the event. */
..\..\..\..\..\..\components\ble\ble_services\ble_hrs_c\ble_hrs_c.c(145): error:  #20: identifier "BLE_HRS_C_EVT_HRM_NOTIFICATION" is undefined
          ble_hrs_c_evt.evt_type                    = BLE_HRS_C_EVT_HRM_NOTIFICATION;
..\..\..\..\..\..\components\ble\ble_services\ble_hrs_c\ble_hrs_c.c(215): error:  #20: identifier "BLE_HRS_C_EVT_DISCOVERY_COMPLETE" is undefined
          evt.evt_type    = BLE_HRS_C_EVT_DISCOVERY_COMPLETE;
..\..\..\..\..\..\components\ble\ble_services\ble_hrs_c\ble_hrs_c.c: 0 warnings, 3 errors
compiling nrf_drv_clock.c...
compiling nrf_drv_common.c...
compiling nrf_drv_gpiote.c...
compiling nrf_drv_uart.c...
compiling app_button.c...
compiling app_error.c...
compiling app_error_weak.c...
compiling app_timer.c...
compiling app_util_platform.c...
compiling crc16.c...
compiling fds.c...
compiling fstorage.c...
compiling hardfault_implementation.c...
compiling nrf_assert.c...
compiling sdk_errors.c...
compiling sdk_mapped_flags.c...
compiling nrf_log_backend_serial.c...
compiling nrf_log_frontend.c...
compiling RTT_Syscalls_KEIL.c...
compiling SEGGER_RTT.c...
compiling SEGGER_RTT_printf.c...
compiling softdevice_handler.c...
assembling arm_startup_nrf52.s...
compiling system_nrf52.c...
".\_build\nrf52832_xxaa.axf" - 11 Error(s), 6 Warning(s).

<h2>Software Packages used:</h2>

Package Vendor: NordicSemiconductor
                http://developer.nordicsemi.com/nRF5_SDK/pieces/nRF_DeviceFamilyPack/NordicSemiconductor.nRF_DeviceFamilyPack.8.11.1.pack
                NordicSemiconductor::Device:Startup:8.11.1
                Nordic Semiconductor nRF ARM devices Device Family Pack.
   * Component: Startup Version: 8.11.1

Package Vendor: ARM
                http://www.keil.com/pack/ARM.CMSIS.4.5.0.pack
                ARM::CMSIS:CORE:4.3.0
                CMSIS (Cortex Microcontroller Software Interface Standard)
   * Component: CORE Version: 4.3.0

<h2>Collection of Component include folders:</h2>
  \\Mac\Dropbox\UiA\ELE301 Bachelor\bachelorprosjekt\Keil\Master og Slave\examples\ble_central_MASTER\ble_app_hrs_c\pca10040\s132\arm5_no_packs\RTE
  C:\Keil_v5\ARM\PACK\ARM\CMSIS\4.5.0\CMSIS\Include
  C:\Keil_v5\ARM\PACK\NordicSemiconductor\nRF_DeviceFamilyPack\8.11.1\Device\Include

<h2>Collection of Component Files used:</h2>

   * Component: NordicSemiconductor::Device:Startup:8.11.1
      Source file:   Device\Source\arm\arm_startup_nrf52.s
      Source file:   Device\Source\system_nrf52.c
      Include file:  Device\Include\system_nrf52.h

   * Component: ARM::CMSIS:CORE:4.3.0
Target not created.
Build Time Elapsed:  00:02:00
</pre>
</body>
</html>
